Traceback (most recent call last):
  File "/opt/conda/envs/science/lib/python3.12/site-packages/jupyter_core/utils/__init__.py", line 154, in wrapped
    asyncio.get_running_loop()
RuntimeError: no running event loop

During handling of the above exception, another exception occurred:

Traceback (most recent call last):
  File "/opt/conda/envs/science/lib/python3.12/site-packages/jupyter_cache/executors/utils.py", line 58, in single_nb_execution
    executenb(
  File "/opt/conda/envs/science/lib/python3.12/site-packages/nbclient/client.py", line 1319, in execute
    return NotebookClient(nb=nb, resources=resources, km=km, **kwargs).execute()
           ^^^^^^^^^^^^^^^^^^^^^^^^^^^^^^^^^^^^^^^^^^^^^^^^^^^^^^^^^^^^^^^^^^^^^
  File "/opt/conda/envs/science/lib/python3.12/site-packages/jupyter_core/utils/__init__.py", line 158, in wrapped
    return loop.run_until_complete(inner)
           ^^^^^^^^^^^^^^^^^^^^^^^^^^^^^^
  File "/opt/conda/envs/science/lib/python3.12/asyncio/base_events.py", line 691, in run_until_complete
    return future.result()
           ^^^^^^^^^^^^^^^
  File "/opt/conda/envs/science/lib/python3.12/site-packages/nbclient/client.py", line 709, in async_execute
    await self.async_execute_cell(
  File "/opt/conda/envs/science/lib/python3.12/site-packages/nbclient/client.py", line 1062, in async_execute_cell
    await self._check_raise_for_error(cell, cell_index, exec_reply)
  File "/opt/conda/envs/science/lib/python3.12/site-packages/nbclient/client.py", line 918, in _check_raise_for_error
    raise CellExecutionError.from_cell_and_msg(cell, exec_reply_content)
nbclient.exceptions.CellExecutionError: An error occurred while executing the following cell:
------------------
# SETUP
G = 1.0e03
nr = 3
nt = 1
nm = nr * nt + 1
m = np.ones(nm) * 4.0e-3
m[0] = 1.0
r = np.linspace(1.0, 2.0, nr)
theta = np.linspace(0.0, np.pi * 2, nt, endpoint=False)
R, Theta = np.meshgrid(r, theta)
r = np.concatenate([[0.0], R.flatten()])
theta = np.concatenate([[0.0], Theta.flatten()])

v = np.zeros_like(r)
v[1:] = (
    (G * m[0] / r[1:]) ** 0.5
    * 0.75
    * np.random.normal(loc=1.0, scale=0.05, size=nm - 1)
)
x = r * np.cos(theta)
y = r * np.sin(theta)
vx = -v * np.sin(theta)
vy = v * np.cos(theta)

P = np.array([x, y]).transpose()
V = np.array([vx, vy]).transpose()

vG = (V * m[:, np.newaxis]).sum(axis=0) / m.sum()
V -= vG

s = Gravity(m=m, P=P, V=V, G=G, nk=4000)
dt = 1.0e-3
nt = 50
------------------


[31m---------------------------------------------------------------------------[39m
[31mAttributeError[39m                            Traceback (most recent call last)
[36mCell[39m[36m [39m[32mIn[3][39m[32m, line 31[39m
[32m     28[39m vG = (V * m[:, np.newaxis]).sum(axis=[32m0[39m) / m.sum()
[32m     29[39m V -= vG
[32m---> [39m[32m31[39m s = [43mGravity[49m[43m([49m[43mm[49m[43m=[49m[43mm[49m[43m,[49m[43m [49m[43mP[49m[43m=[49m[43mP[49m[43m,[49m[43m [49m[43mV[49m[43m=[49m[43mV[49m[43m,[49m[43m [49m[43mG[49m[43m=[49m[43mG[49m[43m,[49m[43m [49m[43mnk[49m[43m=[49m[32;43m4000[39;49m[43m)[49m
[32m     32[39m dt = [32m1.0e-3[39m
[32m     33[39m nt = [32m50[39m

[36mCell[39m[36m [39m[32mIn[2][39m[32m, line 7[39m, in [36mGravity.__init__[39m[34m(self, G, **kwargs)[39m
[32m      3[39m [38;5;250m[39m[33;03m"""[39;00m
[32m      4[39m [33;03m2D gravity[39;00m
[32m      5[39m [33;03m"""[39;00m
[32m      6[39m [38;5;28mself[39m.G = G
[32m----> [39m[32m7[39m [38;5;28;43msuper[39;49m[43m([49m[43m)[49m[43m.[49m[34;43m__init__[39;49m[43m([49m[43m*[49m[43m*[49m[43mkwargs[49m[43m)[49m

[36mFile [39m[32m/workspaces/positron/book/ode/ressources/PMD.py:34[39m, in [36mPMD.__init__[39m[34m(self, m, P, V, nk)[39m
[32m     32[39m [38;5;28mself[39m._n = n
[32m     33[39m [38;5;28mself[39m.X = np.zeros([nk, [32m4[39m * n])
[32m---> [39m[32m34[39m [38;5;28mself[39m.X.fill([43mnp[49m[43m.[49m[43mNAN[49m)
[32m     35[39m [38;5;28mself[39m.X[-[32m1[39m, : [32m2[39m * n] = np.array(P).flatten()
[32m     36[39m [38;5;28mself[39m.X[-[32m1[39m, [32m2[39m * n :] = np.array(V).flatten()

[36mFile [39m[32m/opt/conda/envs/science/lib/python3.12/site-packages/numpy/__init__.py:414[39m, in [36m__getattr__[39m[34m(attr)[39m
[32m    411[39m     [38;5;28;01mimport[39;00m[38;5;250m [39m[34;01mnumpy[39;00m[34;01m.[39;00m[34;01mchar[39;00m[38;5;250m [39m[38;5;28;01mas[39;00m[38;5;250m [39m[34;01mchar[39;00m
[32m    412[39m     [38;5;28;01mreturn[39;00m char.chararray
[32m--> [39m[32m414[39m [38;5;28;01mraise[39;00m [38;5;167;01mAttributeError[39;00m([33m"[39m[33mmodule [39m[38;5;132;01m{!r}[39;00m[33m has no attribute [39m[33m"[39m
[32m    415[39m                      [33m"[39m[38;5;132;01m{!r}[39;00m[33m"[39m.format([34m__name__[39m, attr))

[31mAttributeError[39m: module 'numpy' has no attribute 'NAN'

